2013-09-21 19:11:24,930 - ProMonitor - DEBUG - 加载日志功能函数
2013-09-21 19:11:24,953 - ProMonitor - INFO - 加载下边框架面板
2013-09-21 19:11:24,967 - ProMonitor - INFO - 加载控件列表，初始化数据
2013-09-21 19:11:24,967 - ProMonitor - INFO - 读取数据文件，返回数据字典.
2013-09-21 19:11:24,969 - ProMonitor - INFO - 刷新并返回数据列表
2013-09-21 19:11:24,973 - ProMonitor - INFO - 加载消息控制台
2013-09-21 19:11:24,976 - ProMonitor - WARNING - 初始化控制台
2013-09-21 19:11:24,976 - ProMonitor - INFO - 读取数据文件，返回数据字典.
2013-09-21 19:11:24,976 - ProMonitor - INFO - 加载日志控制面板
2013-09-21 19:11:24,990 - ProMonitor - INFO - 加载菜单
2013-09-21 19:11:24,996 - ProMonitor - INFO - 加载工具栏
2013-09-21 19:11:25,012 - ProMonitor - INFO - 加载状态栏
2013-09-21 19:11:25,016 - ProMonitor - INFO - 加载监控
2013-09-21 19:11:25,102 - ProMonitor - WARNING - 未发现项目进程logtest.exe，启动进程logtest.exe
2013-09-21 19:11:25,188 - ProMonitor - WARNING - 启动进程logtest.exe失败
2013-09-21 19:11:25,404 - ProMonitor - WARNING - 未发现项目进程cmd4.exe，启动进程cmd4.exe
2013-09-21 19:11:25,476 - ProMonitor - WARNING - 启动进程cmd4.exe失败
2013-09-21 19:11:25,477 - ProMonitor - DEBUG - 从内存中的获取数据字典
2013-09-21 19:11:25,479 - ProMonitor - INFO - 刷新并返回数据列表
2013-09-21 19:11:45,562 - ProMonitor - WARNING - 未发现项目进程logtest.exe，启动进程logtest.exe
2013-09-21 19:11:45,638 - ProMonitor - WARNING - 启动进程logtest.exe失败
2013-09-21 19:11:45,848 - ProMonitor - WARNING - 未发现项目进程cmd4.exe，启动进程cmd4.exe
2013-09-21 19:11:45,920 - ProMonitor - WARNING - 启动进程cmd4.exe失败
2013-09-21 19:11:45,921 - ProMonitor - DEBUG - 从内存中的获取数据字典
2013-09-21 19:11:45,921 - ProMonitor - INFO - 刷新并返回数据列表
2013-09-21 19:11:47,845 - ProMonitor - INFO - 打开编辑对话框
2013-09-21 19:11:47,848 - ProMonitor - INFO - 读取数据文件，返回数据字典.
2013-09-21 19:11:47,849 - ProMonitor - DEBUG - 获取对应项目的数据内容
2013-09-21 19:11:47,849 - ProMonitor - DEBUG - 将取得项目的数据内容设定到编辑对话框
2013-09-21 19:11:50,743 - ProMonitor - INFO - 打开编辑对话框
2013-09-21 19:11:50,746 - ProMonitor - INFO - 读取数据文件，返回数据字典.
2013-09-21 19:11:50,750 - ProMonitor - DEBUG - 获取对应项目的数据内容
2013-09-21 19:11:50,750 - ProMonitor - DEBUG - 将取得项目的数据内容设定到编辑对话框
2013-09-21 19:12:06,006 - ProMonitor - WARNING - 未发现项目进程logtest.exe，启动进程logtest.exe
2013-09-21 19:12:06,081 - ProMonitor - WARNING - 启动进程logtest.exe失败
2013-09-21 19:12:06,313 - ProMonitor - WARNING - 未发现项目进程cmd4.exe，启动进程cmd4.exe
2013-09-21 19:12:06,398 - ProMonitor - WARNING - 启动进程cmd4.exe失败
2013-09-21 19:12:06,400 - ProMonitor - DEBUG - 从内存中的获取数据字典
2013-09-21 19:12:06,400 - ProMonitor - INFO - 刷新并返回数据列表
2013-09-21 19:12:26,503 - ProMonitor - WARNING - 未发现项目进程logtest.exe，启动进程logtest.exe
2013-09-21 19:12:26,578 - ProMonitor - WARNING - 启动进程logtest.exe失败
2013-09-21 19:12:26,805 - ProMonitor - WARNING - 未发现项目进程cmd4.exe，启动进程cmd4.exe
2013-09-21 19:12:26,881 - ProMonitor - WARNING - 启动进程cmd4.exe失败
2013-09-21 19:12:26,881 - ProMonitor - DEBUG - 从内存中的获取数据字典
2013-09-21 19:12:26,881 - ProMonitor - INFO - 刷新并返回数据列表
2013-09-21 19:12:42,678 - ProMonitor - INFO - 打开设置面板
2013-09-21 19:12:46,964 - ProMonitor - WARNING - 未发现项目进程logtest.exe，启动进程logtest.exe
2013-09-21 19:12:47,039 - ProMonitor - WARNING - 启动进程logtest.exe失败
2013-09-21 19:12:47,260 - ProMonitor - WARNING - 未发现项目进程cmd4.exe，启动进程cmd4.exe
2013-09-21 19:12:47,335 - ProMonitor - WARNING - 启动进程cmd4.exe失败
2013-09-21 19:12:47,336 - ProMonitor - DEBUG - 从内存中的获取数据字典
2013-09-21 19:12:47,338 - ProMonitor - INFO - 刷新并返回数据列表
2013-09-21 19:13:07,421 - ProMonitor - WARNING - 未发现项目进程logtest.exe，启动进程logtest.exe
2013-09-21 19:13:07,494 - ProMonitor - WARNING - 启动进程logtest.exe失败
2013-09-21 19:13:07,707 - ProMonitor - WARNING - 未发现项目进程cmd4.exe，启动进程cmd4.exe
2013-09-21 19:13:07,779 - ProMonitor - WARNING - 启动进程cmd4.exe失败
2013-09-21 19:13:07,782 - ProMonitor - DEBUG - 从内存中的获取数据字典
2013-09-21 19:13:07,782 - ProMonitor - INFO - 刷新并返回数据列表
2013-09-21 19:13:27,884 - ProMonitor - WARNING - 未发现项目进程logtest.exe，启动进程logtest.exe
2013-09-21 19:13:27,957 - ProMonitor - WARNING - 启动进程logtest.exe失败
2013-09-21 19:13:28,174 - ProMonitor - WARNING - 未发现项目进程cmd4.exe，启动进程cmd4.exe
2013-09-21 19:13:28,247 - ProMonitor - WARNING - 启动进程cmd4.exe失败
2013-09-21 19:13:28,250 - ProMonitor - DEBUG - 从内存中的获取数据字典
2013-09-21 19:13:28,250 - ProMonitor - INFO - 刷新并返回数据列表
2013-09-21 19:13:48,338 - ProMonitor - WARNING - 未发现项目进程logtest.exe，启动进程logtest.exe
2013-09-21 19:13:48,413 - ProMonitor - WARNING - 启动进程logtest.exe失败
2013-09-21 19:13:48,631 - ProMonitor - WARNING - 未发现项目进程cmd4.exe，启动进程cmd4.exe
2013-09-21 19:13:48,706 - ProMonitor - WARNING - 启动进程cmd4.exe失败
2013-09-21 19:13:48,707 - ProMonitor - DEBUG - 从内存中的获取数据字典
2013-09-21 19:13:48,709 - ProMonitor - INFO - 刷新并返回数据列表
2013-09-21 19:14:08,805 - ProMonitor - WARNING - 未发现项目进程logtest.exe，启动进程logtest.exe
2013-09-21 19:14:08,878 - ProMonitor - WARNING - 启动进程logtest.exe失败
2013-09-21 19:14:09,094 - ProMonitor - WARNING - 未发现项目进程cmd4.exe，启动进程cmd4.exe
2013-09-21 19:14:09,167 - ProMonitor - WARNING - 启动进程cmd4.exe失败
2013-09-21 19:14:09,170 - ProMonitor - DEBUG - 从内存中的获取数据字典
2013-09-21 19:14:09,171 - ProMonitor - INFO - 刷新并返回数据列表
2013-09-21 19:14:29,260 - ProMonitor - WARNING - 未发现项目进程logtest.exe，启动进程logtest.exe
2013-09-21 19:14:29,336 - ProMonitor - WARNING - 启动进程logtest.exe失败
2013-09-21 19:14:29,556 - ProMonitor - WARNING - 未发现项目进程cmd4.exe，启动进程cmd4.exe
2013-09-21 19:14:29,631 - ProMonitor - WARNING - 启动进程cmd4.exe失败
2013-09-21 19:14:29,634 - ProMonitor - DEBUG - 从内存中的获取数据字典
2013-09-21 19:14:29,634 - ProMonitor - INFO - 刷新并返回数据列表
2013-09-21 19:14:49,729 - ProMonitor - WARNING - 未发现项目进程logtest.exe，启动进程logtest.exe
2013-09-21 19:14:49,802 - ProMonitor - WARNING - 启动进程logtest.exe失败
2013-09-21 19:14:50,016 - ProMonitor - WARNING - 未发现项目进程cmd4.exe，启动进程cmd4.exe
2013-09-21 19:14:50,089 - ProMonitor - WARNING - 启动进程cmd4.exe失败
2013-09-21 19:14:50,092 - ProMonitor - DEBUG - 从内存中的获取数据字典
2013-09-21 19:14:50,092 - ProMonitor - INFO - 刷新并返回数据列表
2013-09-21 19:15:10,177 - ProMonitor - WARNING - 未发现项目进程logtest.exe，启动进程logtest.exe
2013-09-21 19:15:10,250 - ProMonitor - WARNING - 启动进程logtest.exe失败
2013-09-21 19:15:10,469 - ProMonitor - WARNING - 未发现项目进程cmd4.exe，启动进程cmd4.exe
2013-09-21 19:15:10,542 - ProMonitor - WARNING - 启动进程cmd4.exe失败
2013-09-21 19:15:10,545 - ProMonitor - DEBUG - 从内存中的获取数据字典
2013-09-21 19:15:10,546 - ProMonitor - INFO - 刷新并返回数据列表
2013-09-21 19:15:30,642 - ProMonitor - WARNING - 未发现项目进程logtest.exe，启动进程logtest.exe
2013-09-21 19:15:30,717 - ProMonitor - WARNING - 启动进程logtest.exe失败
2013-09-21 19:15:30,937 - ProMonitor - WARNING - 未发现项目进程cmd4.exe，启动进程cmd4.exe
2013-09-21 19:15:31,009 - ProMonitor - WARNING - 启动进程cmd4.exe失败
2013-09-21 19:15:31,013 - ProMonitor - DEBUG - 从内存中的获取数据字典
2013-09-21 19:15:31,013 - ProMonitor - INFO - 刷新并返回数据列表
2013-09-21 19:15:51,101 - ProMonitor - WARNING - 未发现项目进程logtest.exe，启动进程logtest.exe
2013-09-21 19:15:51,180 - ProMonitor - WARNING - 启动进程logtest.exe失败
2013-09-21 19:15:51,407 - ProMonitor - WARNING - 未发现项目进程cmd4.exe，启动进程cmd4.exe
2013-09-21 19:15:51,482 - ProMonitor - WARNING - 启动进程cmd4.exe失败
2013-09-21 19:15:51,484 - ProMonitor - DEBUG - 从内存中的获取数据字典
2013-09-21 19:15:51,484 - ProMonitor - INFO - 刷新并返回数据列表
2013-09-21 19:16:11,588 - ProMonitor - WARNING - 未发现项目进程logtest.exe，启动进程logtest.exe
2013-09-21 19:16:11,661 - ProMonitor - WARNING - 启动进程logtest.exe失败
2013-09-21 19:16:11,880 - ProMonitor - WARNING - 未发现项目进程cmd4.exe，启动进程cmd4.exe
2013-09-21 19:16:11,953 - ProMonitor - WARNING - 启动进程cmd4.exe失败
2013-09-21 19:16:11,956 - ProMonitor - DEBUG - 从内存中的获取数据字典
2013-09-21 19:16:11,957 - ProMonitor - INFO - 刷新并返回数据列表
2013-09-21 19:16:32,099 - ProMonitor - WARNING - 未发现项目进程logtest.exe，启动进程logtest.exe
2013-09-21 19:16:32,174 - ProMonitor - WARNING - 启动进程logtest.exe失败
2013-09-21 19:16:32,400 - ProMonitor - WARNING - 未发现项目进程cmd4.exe，启动进程cmd4.exe
2013-09-21 19:16:32,474 - ProMonitor - WARNING - 启动进程cmd4.exe失败
2013-09-21 19:16:32,477 - ProMonitor - DEBUG - 从内存中的获取数据字典
2013-09-21 19:16:32,477 - ProMonitor - INFO - 刷新并返回数据列表
2013-09-21 19:16:52,582 - ProMonitor - WARNING - 未发现项目进程logtest.exe，启动进程logtest.exe
2013-09-21 19:16:52,664 - ProMonitor - WARNING - 启动进程logtest.exe失败
2013-09-21 19:16:52,881 - ProMonitor - WARNING - 未发现项目进程cmd4.exe，启动进程cmd4.exe
2013-09-21 19:16:52,953 - ProMonitor - WARNING - 启动进程cmd4.exe失败
2013-09-21 19:16:52,956 - ProMonitor - DEBUG - 从内存中的获取数据字典
2013-09-21 19:16:52,957 - ProMonitor - INFO - 刷新并返回数据列表
2013-09-21 19:17:13,061 - ProMonitor - WARNING - 未发现项目进程logtest.exe，启动进程logtest.exe
2013-09-21 19:17:13,134 - ProMonitor - WARNING - 启动进程logtest.exe失败
2013-09-21 19:17:13,355 - ProMonitor - WARNING - 未发现项目进程cmd4.exe，启动进程cmd4.exe
2013-09-21 19:17:13,428 - ProMonitor - WARNING - 启动进程cmd4.exe失败
2013-09-21 19:17:13,430 - ProMonitor - DEBUG - 从内存中的获取数据字典
2013-09-21 19:17:13,430 - ProMonitor - INFO - 刷新并返回数据列表
2013-09-21 19:17:33,536 - ProMonitor - WARNING - 未发现项目进程logtest.exe，启动进程logtest.exe
2013-09-21 19:17:33,608 - ProMonitor - WARNING - 启动进程logtest.exe失败
2013-09-21 19:17:33,832 - ProMonitor - WARNING - 未发现项目进程cmd4.exe，启动进程cmd4.exe
2013-09-21 19:17:33,907 - ProMonitor - WARNING - 启动进程cmd4.exe失败
2013-09-21 19:17:33,907 - ProMonitor - DEBUG - 从内存中的获取数据字典
2013-09-21 19:17:33,907 - ProMonitor - INFO - 刷新并返回数据列表
2013-09-21 19:17:54,010 - ProMonitor - WARNING - 未发现项目进程logtest.exe，启动进程logtest.exe
2013-09-21 19:17:54,092 - ProMonitor - WARNING - 启动进程logtest.exe失败
2013-09-21 19:17:54,309 - ProMonitor - WARNING - 未发现项目进程cmd4.exe，启动进程cmd4.exe
2013-09-21 19:17:54,384 - ProMonitor - WARNING - 启动进程cmd4.exe失败
2013-09-21 19:17:54,387 - ProMonitor - DEBUG - 从内存中的获取数据字典
2013-09-21 19:17:54,388 - ProMonitor - INFO - 刷新并返回数据列表
2013-09-21 19:18:14,499 - ProMonitor - WARNING - 未发现项目进程logtest.exe，启动进程logtest.exe
2013-09-21 19:18:14,572 - ProMonitor - WARNING - 启动进程logtest.exe失败
2013-09-21 19:18:14,786 - ProMonitor - WARNING - 未发现项目进程cmd4.exe，启动进程cmd4.exe
2013-09-21 19:18:14,858 - ProMonitor - WARNING - 启动进程cmd4.exe失败
2013-09-21 19:18:14,861 - ProMonitor - DEBUG - 从内存中的获取数据字典
2013-09-21 19:18:14,861 - ProMonitor - INFO - 刷新并返回数据列表
2013-09-21 19:18:34,946 - ProMonitor - WARNING - 未发现项目进程logtest.exe，启动进程logtest.exe
2013-09-21 19:18:35,026 - ProMonitor - WARNING - 启动进程logtest.exe失败
2013-09-21 19:18:35,242 - ProMonitor - WARNING - 未发现项目进程cmd4.exe，启动进程cmd4.exe
2013-09-21 19:18:35,318 - ProMonitor - WARNING - 启动进程cmd4.exe失败
2013-09-21 19:18:35,319 - ProMonitor - DEBUG - 从内存中的获取数据字典
2013-09-21 19:18:35,321 - ProMonitor - INFO - 刷新并返回数据列表
2013-09-21 19:18:55,420 - ProMonitor - WARNING - 未发现项目进程logtest.exe，启动进程logtest.exe
2013-09-21 19:18:55,493 - ProMonitor - WARNING - 启动进程logtest.exe失败
2013-09-21 19:18:55,709 - ProMonitor - WARNING - 未发现项目进程cmd4.exe，启动进程cmd4.exe
2013-09-21 19:18:55,780 - ProMonitor - WARNING - 启动进程cmd4.exe失败
2013-09-21 19:18:55,782 - ProMonitor - DEBUG - 从内存中的获取数据字典
2013-09-21 19:18:55,783 - ProMonitor - INFO - 刷新并返回数据列表
2013-09-21 19:19:03,596 - ProMonitor - INFO - 打开设置面板
2013-09-21 19:19:15,875 - ProMonitor - WARNING - 未发现项目进程logtest.exe，启动进程logtest.exe
2013-09-21 19:19:15,947 - ProMonitor - WARNING - 启动进程logtest.exe失败
2013-09-21 19:19:16,187 - ProMonitor - WARNING - 未发现项目进程cmd4.exe，启动进程cmd4.exe
2013-09-21 19:19:16,259 - ProMonitor - WARNING - 启动进程cmd4.exe失败
2013-09-21 19:19:16,259 - ProMonitor - DEBUG - 从内存中的获取数据字典
2013-09-21 19:19:16,259 - ProMonitor - INFO - 刷新并返回数据列表
2013-09-21 19:49:00,838 - ProMonitor - DEBUG - 加载日志功能函数
2013-09-21 19:49:00,842 - ProMonitor - INFO - 加载下边框架面板
2013-09-21 19:49:00,862 - ProMonitor - INFO - 加载控件列表，初始化数据
2013-09-21 19:49:00,864 - ProMonitor - INFO - 读取数据文件，返回数据字典.
2013-09-21 19:49:00,865 - ProMonitor - INFO - 刷新并返回数据列表
2013-09-21 19:49:00,868 - ProMonitor - INFO - 加载消息控制台
2013-09-21 19:49:00,869 - ProMonitor - WARNING - 初始化控制台
2013-09-21 19:49:00,871 - ProMonitor - INFO - 读取数据文件，返回数据字典.
2013-09-21 19:49:00,871 - ProMonitor - INFO - 加载日志控制面板
2013-09-21 19:49:00,881 - ProMonitor - INFO - 加载菜单
2013-09-21 19:49:00,884 - ProMonitor - INFO - 加载工具栏
2013-09-21 19:49:00,900 - ProMonitor - INFO - 加载状态栏
2013-09-21 19:49:00,904 - ProMonitor - INFO - 加载监控
2013-09-21 19:49:01,061 - ProMonitor - WARNING - 未发现项目进程logtest.exe，启动进程logtest.exe
2013-09-21 19:49:01,164 - ProMonitor - WARNING - 启动进程logtest.exe失败
2013-09-21 19:49:01,421 - ProMonitor - WARNING - 未发现项目进程cmd4.exe，启动进程cmd4.exe
2013-09-21 19:49:01,510 - ProMonitor - WARNING - 启动进程cmd4.exe失败
2013-09-21 19:49:01,513 - ProMonitor - DEBUG - 从内存中的获取数据字典
2013-09-21 19:49:01,513 - ProMonitor - INFO - 刷新并返回数据列表
2013-09-21 19:49:04,630 - ProMonitor - INFO - 打开增加对话框
2013-09-21 19:49:07,102 - ProMonitor - DEBUG - 打开数据导出对话框
2013-09-21 19:49:07,118 - ProMonitor - INFO - 读取数据文件，返回数据字典.
2013-09-21 19:49:07,121 - ProMonitor - INFO - 刷新并返回数据列表
2013-09-21 19:49:11,046 - ProMonitor - INFO - 打开导入对话框
2013-09-21 19:49:14,582 - ProMonitor - INFO - 打开日志文件logs\pro_monitor.log
2013-09-21 19:49:21,632 - ProMonitor - WARNING - 未发现项目进程logtest.exe，启动进程logtest.exe
2013-09-21 19:49:21,723 - ProMonitor - WARNING - 启动进程logtest.exe失败
2013-09-21 19:49:21,982 - ProMonitor - WARNING - 未发现项目进程cmd4.exe，启动进程cmd4.exe
2013-09-21 19:49:22,068 - ProMonitor - WARNING - 启动进程cmd4.exe失败
2013-09-21 19:49:22,071 - ProMonitor - DEBUG - 从内存中的获取数据字典
2013-09-21 19:49:22,071 - ProMonitor - INFO - 刷新并返回数据列表
2013-09-21 19:49:30,384 - ProMonitor - INFO - 打开编辑对话框
2013-09-21 19:49:30,387 - ProMonitor - INFO - 读取数据文件，返回数据字典.
2013-09-21 19:49:30,388 - ProMonitor - DEBUG - 获取对应项目的数据内容
2013-09-21 19:49:30,390 - ProMonitor - DEBUG - 将取得项目的数据内容设定到编辑对话框
2013-09-21 19:49:42,181 - ProMonitor - WARNING - 未发现项目进程logtest.exe，启动进程logtest.exe
2013-09-21 19:49:42,272 - ProMonitor - WARNING - 启动进程logtest.exe失败
2013-09-21 19:49:42,528 - ProMonitor - WARNING - 未发现项目进程cmd4.exe，启动进程cmd4.exe
2013-09-21 19:49:42,615 - ProMonitor - WARNING - 启动进程cmd4.exe失败
2013-09-21 19:49:42,617 - ProMonitor - DEBUG - 从内存中的获取数据字典
2013-09-21 19:49:42,618 - ProMonitor - INFO - 刷新并返回数据列表
2013-09-21 19:53:08,069 - ProMonitor - DEBUG - 加载日志功能函数
2013-09-21 19:53:08,073 - ProMonitor - INFO - 加载下边框架面板
2013-09-21 19:53:08,096 - ProMonitor - INFO - 加载控件列表，初始化数据
2013-09-21 19:53:08,098 - ProMonitor - INFO - 读取数据文件，返回数据字典.
2013-09-21 19:53:08,098 - ProMonitor - INFO - 刷新并返回数据列表
2013-09-21 19:53:08,105 - ProMonitor - INFO - 加载消息控制台
2013-09-21 19:53:08,108 - ProMonitor - WARNING - 初始化控制台
2013-09-21 19:53:08,108 - ProMonitor - INFO - 读取数据文件，返回数据字典.
2013-09-21 19:53:08,109 - ProMonitor - INFO - 加载日志控制面板
2013-09-21 19:53:08,122 - ProMonitor - INFO - 加载菜单
2013-09-21 19:53:08,128 - ProMonitor - INFO - 加载工具栏
2013-09-21 19:53:08,144 - ProMonitor - INFO - 加载状态栏
2013-09-21 19:53:08,148 - ProMonitor - INFO - 加载监控
2013-09-21 19:53:08,292 - ProMonitor - WARNING - 未发现项目进程logtest.exe，启动进程logtest.exe
2013-09-21 19:53:08,391 - ProMonitor - WARNING - 启动进程logtest.exe失败
2013-09-21 19:53:08,648 - ProMonitor - WARNING - 未发现项目进程cmd4.exe，启动进程cmd4.exe
2013-09-21 19:53:08,733 - ProMonitor - WARNING - 启动进程cmd4.exe失败
2013-09-21 19:53:08,736 - ProMonitor - DEBUG - 从内存中的获取数据字典
2013-09-21 19:53:08,736 - ProMonitor - INFO - 刷新并返回数据列表
2013-09-21 19:53:28,844 - ProMonitor - WARNING - 未发现项目进程logtest.exe，启动进程logtest.exe
2013-09-21 19:53:28,924 - ProMonitor - WARNING - 启动进程logtest.exe失败
2013-09-21 19:53:29,168 - ProMonitor - WARNING - 未发现项目进程cmd4.exe，启动进程cmd4.exe
2013-09-21 19:53:29,247 - ProMonitor - WARNING - 启动进程cmd4.exe失败
2013-09-21 19:53:29,250 - ProMonitor - DEBUG - 从内存中的获取数据字典
2013-09-21 19:53:29,250 - ProMonitor - INFO - 刷新并返回数据列表
2013-09-21 19:53:49,349 - ProMonitor - WARNING - 未发现项目进程logtest.exe，启动进程logtest.exe
2013-09-21 19:53:49,430 - ProMonitor - WARNING - 启动进程logtest.exe失败
2013-09-21 19:53:49,667 - ProMonitor - WARNING - 未发现项目进程cmd4.exe，启动进程cmd4.exe
2013-09-21 19:53:49,744 - ProMonitor - WARNING - 启动进程cmd4.exe失败
2013-09-21 19:53:49,746 - ProMonitor - DEBUG - 从内存中的获取数据字典
2013-09-21 19:53:49,746 - ProMonitor - INFO - 刷新并返回数据列表
2013-09-21 19:54:09,829 - ProMonitor - WARNING - 未发现项目进程logtest.exe，启动进程logtest.exe
2013-09-21 19:54:09,900 - ProMonitor - WARNING - 启动进程logtest.exe失败
2013-09-21 19:54:10,107 - ProMonitor - WARNING - 未发现项目进程cmd4.exe，启动进程cmd4.exe
2013-09-21 19:54:10,176 - ProMonitor - WARNING - 启动进程cmd4.exe失败
2013-09-21 19:54:10,177 - ProMonitor - DEBUG - 从内存中的获取数据字典
2013-09-21 19:54:10,177 - ProMonitor - INFO - 刷新并返回数据列表
2013-09-21 19:54:30,288 - ProMonitor - WARNING - 未发现项目进程logtest.exe，启动进程logtest.exe
2013-09-21 19:54:30,361 - ProMonitor - WARNING - 启动进程logtest.exe失败
2013-09-21 19:54:30,573 - ProMonitor - WARNING - 未发现项目进程cmd4.exe，启动进程cmd4.exe
2013-09-21 19:54:30,644 - ProMonitor - WARNING - 启动进程cmd4.exe失败
2013-09-21 19:54:30,644 - ProMonitor - DEBUG - 从内存中的获取数据字典
2013-09-21 19:54:30,644 - ProMonitor - INFO - 刷新并返回数据列表
2013-09-21 19:54:50,755 - ProMonitor - WARNING - 未发现项目进程logtest.exe，启动进程logtest.exe
2013-09-21 19:54:50,835 - ProMonitor - WARNING - 启动进程logtest.exe失败
2013-09-21 19:54:51,081 - ProMonitor - WARNING - 未发现项目进程cmd4.exe，启动进程cmd4.exe
2013-09-21 19:54:51,161 - ProMonitor - WARNING - 启动进程cmd4.exe失败
2013-09-21 19:54:51,161 - ProMonitor - DEBUG - 从内存中的获取数据字典
2013-09-21 19:54:51,163 - ProMonitor - INFO - 刷新并返回数据列表
